<?xml version="1.0" encoding="UTF-8"?>
<testsuite xmlns:xsi="http://www.w3.org/2001/XMLSchema-instance" xsi:noNamespaceSchemaLocation="https://maven.apache.org/surefire/maven-surefire-plugin/xsd/surefire-test-report-3.0.xsd" version="3.0" name="com.geekbrains.lesson4.ShoppingListTest" time="3.908" tests="2" errors="0" skipped="0" failures="0">
  <properties>
[...]
</properties>
  <testcase name="addItem1" classname="com.geekbrains.lesson4.ShoppingListTest" time="0.734"/>
  <testcase name="addItem2" classname="com.geekbrains.lesson4.ShoppingListTest" time="0.784"/>
</testsuite>